
(xfce4-session:789): Gtk-WARNING **: 01:01:07.836: Failed to parse /home/aamir/.config/gtk-3.0/settings.ini: Key file does not have group “Settings”
/usr/bin/iceauth:  creating new authority file /run/user/1000/ICEauthority
gpg-agent: a gpg-agent is already running - not starting a new one

(xfwm4:857): Gtk-WARNING **: 01:01:08.066: Failed to parse /home/aamir/.config/gtk-3.0/settings.ini: Key file does not have group “Settings”

(xfsettingsd:876): Gtk-WARNING **: 01:01:08.220: Failed to parse /home/aamir/.config/gtk-3.0/settings.ini: Key file does not have group “Settings”

(xfce4-panel:896): Gtk-WARNING **: 01:01:09.596: Failed to parse /home/aamir/.config/gtk-3.0/settings.ini: Key file does not have group “Settings”

(Thunar:901): Gtk-WARNING **: 01:01:09.655: Failed to parse /home/aamir/.config/gtk-3.0/settings.ini: Key file does not have group “Settings”

(xfdesktop:907): Gtk-WARNING **: 01:01:09.733: Failed to parse /home/aamir/.config/gtk-3.0/settings.ini: Key file does not have group “Settings”

(wrapper-2.0:921): Gtk-WARNING **: 01:01:09.797: Failed to parse /home/aamir/.config/gtk-3.0/settings.ini: Key file does not have group “Settings”

(wrapper-2.0:932): Gtk-WARNING **: 01:01:09.839: Failed to parse /home/aamir/.config/gtk-3.0/settings.ini: Key file does not have group “Settings”

(xfce4-power-manager:939): Gtk-WARNING **: 01:01:09.939: Failed to parse /home/aamir/.config/gtk-3.0/settings.ini: Key file does not have group “Settings”

(wrapper-2.0:940): Gtk-WARNING **: 01:01:09.975: Failed to parse /home/aamir/.config/gtk-3.0/settings.ini: Key file does not have group “Settings”

(wrapper-2.0:942): Gtk-WARNING **: 01:01:09.977: Failed to parse /home/aamir/.config/gtk-3.0/settings.ini: Key file does not have group “Settings”

(wrapper-2.0:941): Gtk-WARNING **: 01:01:09.980: Failed to parse /home/aamir/.config/gtk-3.0/settings.ini: Key file does not have group “Settings”

(wrapper-2.0:944): Gtk-WARNING **: 01:01:09.990: Failed to parse /home/aamir/.config/gtk-3.0/settings.ini: Key file does not have group “Settings”

** (xfce4-power-manager:939): WARNING **: 01:01:10.001: Failed to get name owner: GDBus.Error:org.freedesktop.DBus.Error.NameHasNoOwner: Could not get owner of name 'org.xfce.PowerManager': no such name


** (xfce4-power-manager:939): WARNING **: 01:01:10.001: Failed to get name owner: GDBus.Error:org.freedesktop.DBus.Error.NameHasNoOwner: Could not get owner of name 'org.freedesktop.PowerManagement': no such name

vmware-user: could not open /proc/fs/vmblock/dev
Error: /usr/bin/vmtoolsd must be run inside a virtual machine on a VMware hypervisor product.

(xfce4-power-manager:939): libnotify-WARNING **: 01:01:10.046: Failed to connect to proxy

(plank:953): Gtk-WARNING **: 01:01:10.068: Failed to parse /home/aamir/.config/gtk-3.0/settings.ini: Key file does not have group “Settings”

(xfce4-power-manager:956): Gtk-WARNING **: 01:01:10.083: Failed to parse /home/aamir/.config/gtk-3.0/settings.ini: Key file does not have group “Settings”

(polkit-gnome-authentication-agent-1:959): Gtk-WARNING **: 01:01:10.086: Failed to parse /home/aamir/.config/gtk-3.0/settings.ini: Key file does not have group “Settings”

(pamac-tray:955): Gtk-WARNING **: 01:01:10.114: Failed to parse /home/aamir/.config/gtk-3.0/settings.ini: Key file does not have group “Settings”

(xfsettingsd:962): Gtk-WARNING **: 01:01:10.119: Failed to parse /home/aamir/.config/gtk-3.0/settings.ini: Key file does not have group “Settings”

(xfce4-screensaver:970): Gtk-WARNING **: 01:01:10.125: Failed to parse /home/aamir/.config/gtk-3.0/settings.ini: Key file does not have group “Settings”

(xfce4-notifyd:984): Gtk-WARNING **: 01:01:10.149: Failed to parse /home/aamir/.config/gtk-3.0/settings.ini: Key file does not have group “Settings”

(nm-applet:989): Gtk-WARNING **: 01:01:10.177: Failed to parse /home/aamir/.config/gtk-3.0/settings.ini: Key file does not have group “Settings”

** (xfce4-screensaver:970): WARNING **: 01:01:10.227: screensaver already running in this session

(wrapper-2.0:1015): Gtk-WARNING **: 01:01:10.239: Failed to parse /home/aamir/.config/gtk-3.0/settings.ini: Key file does not have group “Settings”

** (wrapper-2.0:942): WARNING **: 01:01:10.251: could not get output property
GDBus.Error:org.freedesktop.DBus.Error.UnknownMethod: Object does not exist at path “/com/canonical/AppMenu/Registrar”

(xfce4-power-manager:939): GLib-GObject-WARNING **: 01:01:10.299: ../glib/gobject/gsignal.c:2620: signal 'Changed' is invalid for instance '0x5626168be4a0' of type 'GDBusProxy'

(pamac-tray:955): Gdk-CRITICAL **: 01:01:10.379: gdk_window_thaw_toplevel_updates: assertion 'window->update_and_descendants_freeze_count > 0' failed

(wrapper-2.0:944): Gtk-WARNING **: 01:01:10.414: Negative content width -1 (allocation 1, extents 1x1) while allocating gadget (node button, owner GtkToggleButton)

(wrapper-2.0:941): Gtk-WARNING **: 01:01:10.414: Negative content width -1 (allocation 1, extents 1x1) while allocating gadget (node button, owner PulseaudioButton)

(wrapper-2.0:921): Gtk-WARNING **: 01:01:10.415: Negative content width -1 (allocation 1, extents 1x1) while allocating gadget (node button, owner GtkToggleButton)

(wrapper-2.0:942): Gtk-WARNING **: 01:01:10.440: Negative content width -1 (allocation 1, extents 1x1) while allocating gadget (node button, owner PowerManagerButton)

(nm-applet:989): Gdk-CRITICAL **: 01:01:10.455: gdk_window_thaw_toplevel_updates: assertion 'window->update_and_descendants_freeze_count > 0' failed

(xfce4-power-manager:939): xfce4-power-manager-WARNING **: 01:01:10.472: could not map keysym 1008ffa8 to keycode


** (xfce4-power-manager:939): WARNING **: 01:01:10.493: could not get output property

(xfce4-panel:896): xfce4-panel-WARNING **: 01:01:10.497: Itembar child can only enable only of expand, shrink or small.
xfce4-power-manager-Message: 01:01:10.525: Set kernel brightness switch to 0

(xfce4-power-manager:939): xfconf-WARNING **: 01:01:10.534: Failed to set property "xfce4-power-manager::/xfce4-power-manager/brightness-switch": Operation was cancelled
xfce4-power-manager-Message: 01:01:10.554: Set kernel brightness switch to 0

(wrapper-2.0:932): Gtk-CRITICAL **: 01:01:10.601: gtk_label_set_text_with_mnemonic: assertion 'str != NULL' failed

(wrapper-2.0:932): Gtk-CRITICAL **: 01:01:20.018: gtk_label_set_text_with_mnemonic: assertion 'str != NULL' failed

(wrapper-2.0:932): Gtk-CRITICAL **: 01:01:29.829: gtk_label_set_text_with_mnemonic: assertion 'str != NULL' failed

(wrapper-2.0:932): Gtk-CRITICAL **: 01:01:29.831: gtk_label_set_text_with_mnemonic: assertion 'str != NULL' failed

(wrapper-2.0:932): Gtk-CRITICAL **: 01:01:29.917: gtk_label_set_text_with_mnemonic: assertion 'str != NULL' failed

(wrapper-2.0:932): Gtk-CRITICAL **: 01:01:31.079: gtk_label_set_text_with_mnemonic: assertion 'str != NULL' failed

(xfce4-panel:896): Gtk-WARNING **: 01:01:34.536: Content added to the action area of a dialog using header bars

(xfce4-panel:896): Gtk-WARNING **: 01:01:34.536: Content added to the action area of a dialog using header bars

(wrapper-2.0:932): Gtk-CRITICAL **: 01:01:34.676: gtk_label_set_text_with_mnemonic: assertion 'str != NULL' failed

(wrapper-2.0:932): Gtk-CRITICAL **: 01:01:39.796: gtk_label_set_text_with_mnemonic: assertion 'str != NULL' failed
** Message: 01:01:40.876: updates_checker.vala:71: check updates
cp: cannot create regular file '/var/tmp/pamac/dbs/sync/core.db': Permission denied
cp: cannot create regular file '/var/tmp/pamac/dbs/sync/extra.db': Permission denied
cp: cannot create regular file '/var/tmp/pamac/dbs/sync/multilib.db': Permission denied
** Message: 01:01:41.314: updates_checker.vala:101: 0 updates found

(exo-open:1289): Gtk-WARNING **: 01:01:50.914: Failed to parse /home/aamir/.config/gtk-3.0/settings.ini: Key file does not have group “Settings”

(xfce4-mime-helper:1295): Gtk-WARNING **: 01:01:50.965: Failed to parse /home/aamir/.config/gtk-3.0/settings.ini: Key file does not have group “Settings”

(xfce4-terminal:1300): Gtk-WARNING **: 01:01:51.024: Failed to parse /home/aamir/.config/gtk-3.0/settings.ini: Key file does not have group “Settings”

** (xfce4-terminal:1300): WARNING **: 01:01:53.824: (../vala-panel-appmenu-0.7.6/subprojects/appmenu-gtk-module/lib/unity-gtk-action-group.c:1127):unity_gtk_action_group_disconnect_item: code should not be reached
** Message: 01:03:07.764: updates_checker.vala:71: check updates
cp: cannot create regular file '/var/tmp/pamac/dbs/sync/core.db': Permission denied
cp: cannot create regular file '/var/tmp/pamac/dbs/sync/extra.db': Permission denied
cp: cannot create regular file '/var/tmp/pamac/dbs/sync/multilib.db': Permission denied
** Message: 01:03:08.187: updates_checker.vala:101: 0 updates found

(chromium:1678): Gtk-WARNING **: 01:05:58.731: Failed to parse /home/aamir/.config/gtk-3.0/settings.ini: Key file does not have group “Settings”
** Message: 01:10:06.450: updates_checker.vala:71: check updates
cp: cannot create regular file '/var/tmp/pamac/dbs/sync/core.db': Permission denied
cp: cannot create regular file '/var/tmp/pamac/dbs/sync/extra.db': Permission denied
cp: cannot create regular file '/var/tmp/pamac/dbs/sync/multilib.db': Permission denied
** Message: 01:10:06.955: updates_checker.vala:101: 0 updates found
** Message: 01:10:38.438: updates_checker.vala:71: check updates
cp: cannot create regular file '/var/tmp/pamac/dbs/sync/core.db': Permission denied
cp: cannot create regular file '/var/tmp/pamac/dbs/sync/extra.db': Permission denied
cp: cannot create regular file '/var/tmp/pamac/dbs/sync/multilib.db': Permission denied
cp: cannot create regular file '/var/tmp/pamac/dbs/sync/core.db': Permission denied
cp: cannot create regular file '/var/tmp/pamac/dbs/sync/extra.db': Permission denied
cp: cannot create regular file '/var/tmp/pamac/dbs/sync/multilib.db': Permission denied

** (wrapper-2.0:932): WARNING **: 01:10:51.775: GDBus.Error:org.freedesktop.DBus.Error.Failed: error occurred in GetLayout

(xfce4-session-logout:3489): Gtk-WARNING **: 01:10:55.094: Failed to parse /home/aamir/.config/gtk-3.0/settings.ini: Key file does not have group “Settings”

(wrapper-2.0:944): GLib-GObject-CRITICAL **: 01:10:57.531: g_object_unref: assertion 'G_IS_OBJECT (object)' failed
Error executing command as another user: Not authorized

This incident has been reported.

(xfce4-power-manager:939): xfce4-power-manager-WARNING **: 01:10:57.563: Unable to restore the kernel brightness switch parameter to its original value, still resetting the saved value.

(xfce4-power-manager:939): Gtk-WARNING **: 01:10:57.563: A floating object was finalized. This means that someone
called g_object_unref() on an object that had only a floating
reference; the initial floating reference is not owned by anyone
and must be removed with g_object_ref_sink().
